{"contracts/DecentralisedStableCoin.sol":{"l":{"28":0,"29":0,"30":0,"32":0,"33":0,"35":0,"39":0,"40":0,"42":0,"43":0,"45":0,"46":0},"path":"/Users/pranavlakkadi/HH-FCC/HH-Decentralised-Stable-Coin/contracts/DecentralisedStableCoin.sol","s":{"1":0,"2":0,"3":0,"4":0,"5":0,"6":0,"7":0,"8":0},"b":{"1":[0,0],"2":[0,0],"3":[0,0],"4":[0,0],"5":[0,0],"6":[0,0]},"f":{"1":3,"2":0,"3":0},"fnMap":{"1":{"name":"constructor","line":25,"loc":{"start":{"line":25,"column":4},"end":{"line":25,"column":57}}},"2":{"name":"burn","line":27,"loc":{"start":{"line":27,"column":4},"end":{"line":36,"column":4}}},"3":{"name":"mint","line":38,"loc":{"start":{"line":38,"column":4},"end":{"line":47,"column":4}}}},"statementMap":{"1":{"start":{"line":28,"column":6},"end":{"line":28,"column":45}},"2":{"start":{"line":29,"column":6},"end":{"line":29,"column":909}},"3":{"start":{"line":32,"column":6},"end":{"line":32,"column":1005}},"4":{"start":{"line":35,"column":6},"end":{"line":35,"column":24}},"5":{"start":{"line":39,"column":6},"end":{"line":39,"column":1229}},"6":{"start":{"line":42,"column":6},"end":{"line":42,"column":1326}},"7":{"start":{"line":45,"column":6},"end":{"line":45,"column":24}},"8":{"start":{"line":46,"column":6},"end":{"line":46,"column":17}}},"branchMap":{"1":{"line":27,"type":"if","locations":[{"start":{"line":27,"column":51},"end":{"line":27,"column":51}},{"start":{"line":27,"column":51},"end":{"line":27,"column":51}}]},"2":{"line":29,"type":"if","locations":[{"start":{"line":29,"column":6},"end":{"line":29,"column":6}},{"start":{"line":29,"column":6},"end":{"line":29,"column":6}}]},"3":{"line":32,"type":"if","locations":[{"start":{"line":32,"column":6},"end":{"line":32,"column":6}},{"start":{"line":32,"column":6},"end":{"line":32,"column":6}}]},"4":{"line":38,"type":"if","locations":[{"start":{"line":38,"column":57},"end":{"line":38,"column":57}},{"start":{"line":38,"column":57},"end":{"line":38,"column":57}}]},"5":{"line":39,"type":"if","locations":[{"start":{"line":39,"column":6},"end":{"line":39,"column":6}},{"start":{"line":39,"column":6},"end":{"line":39,"column":6}}]},"6":{"line":42,"type":"if","locations":[{"start":{"line":42,"column":6},"end":{"line":42,"column":6}},{"start":{"line":42,"column":6},"end":{"line":42,"column":6}}]}}},"contracts/DSCEngine.sol":{"l":{"48":4,"49":1,"51":3,"55":3,"56":1,"58":2,"91":3,"92":0,"94":3,"97":3,"98":6,"99":0,"101":6,"102":6,"105":3,"106":0,"109":3,"124":0,"125":0,"127":0,"128":0,"141":2,"142":2,"145":2,"147":2,"148":2,"149":0,"163":0,"164":0,"178":0,"179":0,"181":0,"183":0,"192":0,"193":0,"195":0,"196":0,"197":0,"198":0,"207":0,"208":0,"232":0,"233":0,"236":0,"237":0,"238":0,"240":0,"242":0,"244":0,"246":0,"248":0,"250":0,"251":0,"252":0,"254":0,"273":0,"274":0,"275":0,"276":0,"278":0,"289":0,"291":0,"293":0,"294":0,"295":0,"309":0,"310":0,"321":0,"322":0,"323":0,"334":0,"335":0,"336":0,"352":0,"353":0,"354":0,"365":0,"366":0,"367":0,"368":0,"369":0,"370":0,"382":1,"383":1,"386":1,"390":0,"394":0,"398":0,"402":0,"406":0,"410":0,"414":1,"415":0,"417":1,"421":0,"422":0,"424":0,"428":0,"429":0,"431":0,"435":2,"436":0,"438":2,"442":1},"path":"/Users/pranavlakkadi/HH-FCC/HH-Decentralised-Stable-Coin/contracts/DSCEngine.sol","s":{"1":4,"2":3,"3":3,"4":3,"5":3,"6":6,"7":6,"8":3,"9":0,"10":0,"11":0,"12":2,"13":2,"14":2,"15":0,"16":0,"17":0,"18":0,"19":0,"20":0,"21":0,"22":0,"23":0,"24":0,"25":0,"26":0,"27":0,"28":0,"29":0,"30":0,"31":0,"32":0,"33":0,"34":0,"35":0,"36":0,"37":0,"38":0,"39":0,"40":0,"41":0,"42":0,"43":0,"44":0,"45":0,"46":0,"47":0,"48":0,"49":0,"50":0,"51":0,"52":0,"53":0,"54":1,"55":1,"56":1,"57":0,"58":0,"59":0,"60":0,"61":0,"62":0,"63":1,"64":1,"65":0,"66":0,"67":0,"68":0,"69":2,"70":2,"71":1},"b":{"1":[1,3],"2":[1,2],"3":[0,3],"4":[0,6],"5":[0,0],"6":[0,3],"7":[0,0],"8":[0,0],"9":[0,0],"10":[3,1],"11":[2,1],"12":[2,0],"13":[0,2],"14":[0,0],"15":[0,0],"16":[0,0],"17":[0,0],"18":[0,0],"19":[0,0],"20":[0,0],"21":[0,0],"22":[0,0],"23":[0,0],"24":[0,0],"25":[0,0],"26":[0,0],"27":[0,0],"28":[0,0],"29":[0,0],"30":[0,0],"31":[0,1],"32":[0,0],"33":[0,0],"34":[0,0],"35":[0,2]},"f":{"1":4,"2":3,"3":3,"4":0,"5":2,"6":0,"7":0,"8":0,"9":0,"10":0,"11":0,"12":0,"13":0,"14":0,"15":0,"16":0,"17":0,"18":0,"19":1,"20":0,"21":0,"22":0,"23":0,"24":0,"25":0,"26":1,"27":0,"28":0,"29":2,"30":1},"fnMap":{"1":{"name":"moreThanZero","line":47,"loc":{"start":{"line":47,"column":4},"end":{"line":52,"column":4}}},"2":{"name":"isAllowedToken","line":54,"loc":{"start":{"line":54,"column":4},"end":{"line":59,"column":4}}},"3":{"name":"constructor","line":90,"loc":{"start":{"line":90,"column":4},"end":{"line":110,"column":4}}},"4":{"name":"depositCollateralAndMintDSC","line":123,"loc":{"start":{"line":122,"column":4},"end":{"line":129,"column":4}}},"5":{"name":"depositCollateral","line":139,"loc":{"start":{"line":136,"column":4},"end":{"line":151,"column":4}}},"6":{"name":"redeemCollateralForDSC","line":161,"loc":{"start":{"line":161,"column":4},"end":{"line":165,"column":4}}},"7":{"name":"redeemCollateral","line":175,"loc":{"start":{"line":174,"column":4},"end":{"line":184,"column":4}}},"8":{"name":"mintDSC","line":191,"loc":{"start":{"line":191,"column":4},"end":{"line":200,"column":4}}},"9":{"name":"burnDSC","line":206,"loc":{"start":{"line":206,"column":4},"end":{"line":209,"column":4}}},"10":{"name":"liquidate","line":230,"loc":{"start":{"line":229,"column":4},"end":{"line":255,"column":4}}},"11":{"name":"getHealthFactor","line":257,"loc":{"start":{"line":257,"column":4},"end":{"line":257,"column":41}}},"12":{"name":"_burnDSC","line":272,"loc":{"start":{"line":268,"column":4},"end":{"line":279,"column":4}}},"13":{"name":"_redeemCollateral","line":284,"loc":{"start":{"line":284,"column":4},"end":{"line":297,"column":4}}},"14":{"name":"_getAccountInformation","line":305,"loc":{"start":{"line":305,"column":4},"end":{"line":311,"column":4}}},"15":{"name":"_HealthFactor","line":318,"loc":{"start":{"line":318,"column":4},"end":{"line":324,"column":4}}},"16":{"name":"_RevertIfHealthFactorIsBroken","line":331,"loc":{"start":{"line":331,"column":4},"end":{"line":339,"column":4}}},"17":{"name":"getTokenAmountinUSD","line":351,"loc":{"start":{"line":351,"column":4},"end":{"line":355,"column":4}}},"18":{"name":"_getAccountCollateralValue","line":362,"loc":{"start":{"line":362,"column":4},"end":{"line":373,"column":4}}},"19":{"name":"getUSDValue","line":381,"loc":{"start":{"line":381,"column":4},"end":{"line":387,"column":4}}},"20":{"name":"getAdditionFeedPrecision","line":389,"loc":{"start":{"line":389,"column":4},"end":{"line":391,"column":4}}},"21":{"name":"getPrecision","line":393,"loc":{"start":{"line":393,"column":4},"end":{"line":395,"column":4}}},"22":{"name":"getLiquidationThreshold","line":397,"loc":{"start":{"line":397,"column":4},"end":{"line":399,"column":4}}},"23":{"name":"getLiquidationPrecision","line":401,"loc":{"start":{"line":401,"column":4},"end":{"line":403,"column":4}}},"24":{"name":"getLiquidationBonus","line":405,"loc":{"start":{"line":405,"column":4},"end":{"line":407,"column":4}}},"25":{"name":"getMinHealthFactor","line":409,"loc":{"start":{"line":409,"column":4},"end":{"line":411,"column":4}}},"26":{"name":"getPriceFeedAddress","line":413,"loc":{"start":{"line":413,"column":4},"end":{"line":418,"column":4}}},"27":{"name":"getCollateralDepositedAmount","line":420,"loc":{"start":{"line":420,"column":4},"end":{"line":425,"column":4}}},"28":{"name":"getDSCMint","line":427,"loc":{"start":{"line":427,"column":4},"end":{"line":432,"column":4}}},"29":{"name":"getCollateralTokens","line":434,"loc":{"start":{"line":434,"column":4},"end":{"line":439,"column":4}}},"30":{"name":"getDSCContractAddress","line":441,"loc":{"start":{"line":441,"column":4},"end":{"line":443,"column":4}}}},"statementMap":{"1":{"start":{"line":48,"column":8},"end":{"line":48,"column":1730}},"2":{"start":{"line":55,"column":8},"end":{"line":55,"column":1881}},"3":{"start":{"line":91,"column":8},"end":{"line":91,"column":3292}},"4":{"start":{"line":94,"column":8},"end":{"line":94,"column":46}},"5":{"start":{"line":97,"column":8},"end":{"line":97,"column":3567}},"6":{"start":{"line":98,"column":12},"end":{"line":98,"column":3615}},"7":{"start":{"line":102,"column":12},"end":{"line":102,"column":53}},"8":{"start":{"line":105,"column":8},"end":{"line":105,"column":3896}},"9":{"start":{"line":124,"column":8},"end":{"line":124,"column":4648}},"10":{"start":{"line":127,"column":8},"end":{"line":127,"column":66}},"11":{"start":{"line":128,"column":8},"end":{"line":128,"column":31}},"12":{"start":{"line":145,"column":8},"end":{"line":145,"column":87}},"13":{"start":{"line":147,"column":8},"end":{"line":147,"column":111}},"14":{"start":{"line":148,"column":8},"end":{"line":148,"column":5589}},"15":{"start":{"line":163,"column":8},"end":{"line":163,"column":31}},"16":{"start":{"line":164,"column":8},"end":{"line":164,"column":65}},"17":{"start":{"line":178,"column":8},"end":{"line":178,"column":6792}},"18":{"start":{"line":181,"column":8},"end":{"line":181,"column":90}},"19":{"start":{"line":183,"column":8},"end":{"line":183,"column":48}},"20":{"start":{"line":195,"column":8},"end":{"line":195,"column":48}},"21":{"start":{"line":196,"column":8},"end":{"line":196,"column":60}},"22":{"start":{"line":197,"column":8},"end":{"line":197,"column":7558}},"23":{"start":{"line":207,"column":8},"end":{"line":207,"column":47}},"24":{"start":{"line":208,"column":8},"end":{"line":208,"column":48}},"25":{"start":{"line":232,"column":8},"end":{"line":232,"column":9342}},"26":{"start":{"line":236,"column":8},"end":{"line":236,"column":58}},"27":{"start":{"line":237,"column":8},"end":{"line":237,"column":9525}},"28":{"start":{"line":240,"column":8},"end":{"line":240,"column":89}},"29":{"start":{"line":242,"column":8},"end":{"line":242,"column":104}},"30":{"start":{"line":244,"column":8},"end":{"line":244,"column":86}},"31":{"start":{"line":246,"column":8},"end":{"line":246,"column":79}},"32":{"start":{"line":248,"column":8},"end":{"line":248,"column":46}},"33":{"start":{"line":250,"column":8},"end":{"line":250,"column":56}},"34":{"start":{"line":251,"column":8},"end":{"line":251,"column":10128}},"35":{"start":{"line":254,"column":8},"end":{"line":254,"column":48}},"36":{"start":{"line":274,"column":8},"end":{"line":274,"column":82}},"37":{"start":{"line":275,"column":8},"end":{"line":275,"column":10922}},"38":{"start":{"line":278,"column":8},"end":{"line":278,"column":34}},"39":{"start":{"line":291,"column":8},"end":{"line":291,"column":83}},"40":{"start":{"line":293,"column":8},"end":{"line":293,"column":84}},"41":{"start":{"line":294,"column":8},"end":{"line":294,"column":11606}},"42":{"start":{"line":321,"column":8},"end":{"line":321,"column":93}},"43":{"start":{"line":322,"column":8},"end":{"line":322,"column":105}},"44":{"start":{"line":323,"column":8},"end":{"line":323,"column":75}},"45":{"start":{"line":334,"column":8},"end":{"line":334,"column":54}},"46":{"start":{"line":335,"column":8},"end":{"line":335,"column":13290}},"47":{"start":{"line":352,"column":8},"end":{"line":352,"column":84}},"48":{"start":{"line":353,"column":8},"end":{"line":353,"column":56}},"49":{"start":{"line":354,"column":8},"end":{"line":354,"column":92}},"50":{"start":{"line":365,"column":8},"end":{"line":365,"column":50}},"51":{"start":{"line":366,"column":8},"end":{"line":366,"column":14650}},"52":{"start":{"line":367,"column":12},"end":{"line":367,"column":49}},"53":{"start":{"line":368,"column":12},"end":{"line":368,"column":63}},"54":{"start":{"line":382,"column":8},"end":{"line":382,"column":84}},"55":{"start":{"line":383,"column":8},"end":{"line":383,"column":53}},"56":{"start":{"line":386,"column":8},"end":{"line":386,"column":81}},"57":{"start":{"line":390,"column":8},"end":{"line":390,"column":40}},"58":{"start":{"line":394,"column":8},"end":{"line":394,"column":24}},"59":{"start":{"line":398,"column":8},"end":{"line":398,"column":35}},"60":{"start":{"line":402,"column":8},"end":{"line":402,"column":36}},"61":{"start":{"line":406,"column":8},"end":{"line":406,"column":32}},"62":{"start":{"line":410,"column":8},"end":{"line":410,"column":32}},"63":{"start":{"line":414,"column":8},"end":{"line":414,"column":16387}},"64":{"start":{"line":417,"column":8},"end":{"line":417,"column":34}},"65":{"start":{"line":421,"column":8},"end":{"line":421,"column":16627}},"66":{"start":{"line":424,"column":8},"end":{"line":424,"column":49}},"67":{"start":{"line":428,"column":8},"end":{"line":428,"column":16872}},"68":{"start":{"line":431,"column":8},"end":{"line":431,"column":32}},"69":{"start":{"line":435,"column":8},"end":{"line":435,"column":17087}},"70":{"start":{"line":438,"column":8},"end":{"line":438,"column":40}},"71":{"start":{"line":442,"column":8},"end":{"line":442,"column":20}}},"branchMap":{"1":{"line":48,"type":"if","locations":[{"start":{"line":48,"column":8},"end":{"line":48,"column":8}},{"start":{"line":48,"column":8},"end":{"line":48,"column":8}}]},"2":{"line":55,"type":"if","locations":[{"start":{"line":55,"column":8},"end":{"line":55,"column":8}},{"start":{"line":55,"column":8},"end":{"line":55,"column":8}}]},"3":{"line":91,"type":"if","locations":[{"start":{"line":91,"column":8},"end":{"line":91,"column":8}},{"start":{"line":91,"column":8},"end":{"line":91,"column":8}}]},"4":{"line":98,"type":"if","locations":[{"start":{"line":98,"column":12},"end":{"line":98,"column":12}},{"start":{"line":98,"column":12},"end":{"line":98,"column":12}}]},"5":{"line":98,"type":"cond-expr","locations":[{"start":{"line":98,"column":16},"end":{"line":98,"column":46}},{"start":{"line":98,"column":51},"end":{"line":98,"column":85}}]},"6":{"line":105,"type":"if","locations":[{"start":{"line":105,"column":8},"end":{"line":105,"column":8}},{"start":{"line":105,"column":8},"end":{"line":105,"column":8}}]},"7":{"line":123,"type":"if","locations":[{"start":{"line":123,"column":13},"end":{"line":123,"column":13}},{"start":{"line":123,"column":13},"end":{"line":123,"column":13}}]},"8":{"line":123,"type":"if","locations":[{"start":{"line":123,"column":44},"end":{"line":123,"column":44}},{"start":{"line":123,"column":44},"end":{"line":123,"column":44}}]},"9":{"line":124,"type":"if","locations":[{"start":{"line":124,"column":8},"end":{"line":124,"column":8}},{"start":{"line":124,"column":8},"end":{"line":124,"column":8}}]},"10":{"line":137,"type":"if","locations":[{"start":{"line":137,"column":4},"end":{"line":137,"column":4}},{"start":{"line":137,"column":4},"end":{"line":137,"column":4}}]},"11":{"line":138,"type":"if","locations":[{"start":{"line":138,"column":4},"end":{"line":138,"column":4}},{"start":{"line":138,"column":4},"end":{"line":138,"column":4}}]},"12":{"line":139,"type":"if","locations":[{"start":{"line":139,"column":4},"end":{"line":139,"column":4}},{"start":{"line":139,"column":4},"end":{"line":139,"column":4}}]},"13":{"line":148,"type":"if","locations":[{"start":{"line":148,"column":8},"end":{"line":148,"column":8}},{"start":{"line":148,"column":8},"end":{"line":148,"column":8}}]},"14":{"line":175,"type":"if","locations":[{"start":{"line":175,"column":11},"end":{"line":175,"column":11}},{"start":{"line":175,"column":11},"end":{"line":175,"column":11}}]},"15":{"line":175,"type":"if","locations":[{"start":{"line":175,"column":42},"end":{"line":175,"column":42}},{"start":{"line":175,"column":42},"end":{"line":175,"column":42}}]},"16":{"line":178,"type":"if","locations":[{"start":{"line":178,"column":8},"end":{"line":178,"column":8}},{"start":{"line":178,"column":8},"end":{"line":178,"column":8}}]},"17":{"line":191,"type":"if","locations":[{"start":{"line":191,"column":46},"end":{"line":191,"column":46}},{"start":{"line":191,"column":46},"end":{"line":191,"column":46}}]},"18":{"line":191,"type":"if","locations":[{"start":{"line":191,"column":76},"end":{"line":191,"column":76}},{"start":{"line":191,"column":76},"end":{"line":191,"column":76}}]},"19":{"line":197,"type":"if","locations":[{"start":{"line":197,"column":8},"end":{"line":197,"column":8}},{"start":{"line":197,"column":8},"end":{"line":197,"column":8}}]},"20":{"line":206,"type":"if","locations":[{"start":{"line":206,"column":44},"end":{"line":206,"column":44}},{"start":{"line":206,"column":44},"end":{"line":206,"column":44}}]},"21":{"line":230,"type":"if","locations":[{"start":{"line":230,"column":13},"end":{"line":230,"column":13}},{"start":{"line":230,"column":13},"end":{"line":230,"column":13}}]},"22":{"line":230,"type":"if","locations":[{"start":{"line":230,"column":39},"end":{"line":230,"column":39}},{"start":{"line":230,"column":39},"end":{"line":230,"column":39}}]},"23":{"line":232,"type":"if","locations":[{"start":{"line":232,"column":8},"end":{"line":232,"column":8}},{"start":{"line":232,"column":8},"end":{"line":232,"column":8}}]},"24":{"line":232,"type":"cond-expr","locations":[{"start":{"line":232,"column":12},"end":{"line":232,"column":35}},{"start":{"line":232,"column":40},"end":{"line":232,"column":57}}]},"25":{"line":237,"type":"if","locations":[{"start":{"line":237,"column":8},"end":{"line":237,"column":8}},{"start":{"line":237,"column":8},"end":{"line":237,"column":8}}]},"26":{"line":251,"type":"if","locations":[{"start":{"line":251,"column":8},"end":{"line":251,"column":8}},{"start":{"line":251,"column":8},"end":{"line":251,"column":8}}]},"27":{"line":272,"type":"if","locations":[{"start":{"line":272,"column":14},"end":{"line":272,"column":14}},{"start":{"line":272,"column":14},"end":{"line":272,"column":14}}]},"28":{"line":275,"type":"if","locations":[{"start":{"line":275,"column":8},"end":{"line":275,"column":8}},{"start":{"line":275,"column":8},"end":{"line":275,"column":8}}]},"29":{"line":294,"type":"if","locations":[{"start":{"line":294,"column":8},"end":{"line":294,"column":8}},{"start":{"line":294,"column":8},"end":{"line":294,"column":8}}]},"30":{"line":335,"type":"if","locations":[{"start":{"line":335,"column":8},"end":{"line":335,"column":8}},{"start":{"line":335,"column":8},"end":{"line":335,"column":8}}]},"31":{"line":414,"type":"if","locations":[{"start":{"line":414,"column":8},"end":{"line":414,"column":8}},{"start":{"line":414,"column":8},"end":{"line":414,"column":8}}]},"32":{"line":421,"type":"if","locations":[{"start":{"line":421,"column":8},"end":{"line":421,"column":8}},{"start":{"line":421,"column":8},"end":{"line":421,"column":8}}]},"33":{"line":421,"type":"cond-expr","locations":[{"start":{"line":421,"column":12},"end":{"line":421,"column":29}},{"start":{"line":421,"column":34},"end":{"line":421,"column":52}}]},"34":{"line":428,"type":"if","locations":[{"start":{"line":428,"column":8},"end":{"line":428,"column":8}},{"start":{"line":428,"column":8},"end":{"line":428,"column":8}}]},"35":{"line":435,"type":"if","locations":[{"start":{"line":435,"column":8},"end":{"line":435,"column":8}},{"start":{"line":435,"column":8},"end":{"line":435,"column":8}}]}}},"contracts/test/ETHToken.sol":{"l":{"10":3},"path":"/Users/pranavlakkadi/HH-FCC/HH-Decentralised-Stable-Coin/contracts/test/ETHToken.sol","s":{"1":3},"b":{},"f":{"1":3},"fnMap":{"1":{"name":"constructor","line":9,"loc":{"start":{"line":9,"column":4},"end":{"line":11,"column":4}}}},"statementMap":{"1":{"start":{"line":10,"column":8},"end":{"line":10,"column":39}}},"branchMap":{}},"contracts/test/MockV3Aggregator.sol":{"l":{},"path":"/Users/pranavlakkadi/HH-FCC/HH-Decentralised-Stable-Coin/contracts/test/MockV3Aggregator.sol","s":{},"b":{},"f":{},"fnMap":{},"statementMap":{},"branchMap":{}}}