{"contracts/DecentralisedStableCoin.sol":{"l":{"28":2,"29":0,"31":2,"32":2,"33":0,"35":2,"39":16,"40":0,"42":16,"43":0,"45":16,"46":16},"path":"/Users/pranavlakkadi/HH-FCC/HH-Decentralised-Stable-Coin/contracts/DecentralisedStableCoin.sol","s":{"1":2,"2":2,"3":2,"4":2,"5":16,"6":16,"7":16,"8":16},"b":{"1":[2,0],"2":[0,2],"3":[0,2],"4":[16,0],"5":[0,16],"6":[0,16]},"f":{"1":3,"2":2,"3":16},"fnMap":{"1":{"name":"constructor","line":25,"loc":{"start":{"line":25,"column":4},"end":{"line":25,"column":57}}},"2":{"name":"burn","line":27,"loc":{"start":{"line":27,"column":4},"end":{"line":36,"column":4}}},"3":{"name":"mint","line":38,"loc":{"start":{"line":38,"column":4},"end":{"line":47,"column":4}}}},"statementMap":{"1":{"start":{"line":28,"column":6},"end":{"line":28,"column":862}},"2":{"start":{"line":31,"column":6},"end":{"line":31,"column":45}},"3":{"start":{"line":32,"column":6},"end":{"line":32,"column":1005}},"4":{"start":{"line":35,"column":6},"end":{"line":35,"column":24}},"5":{"start":{"line":39,"column":6},"end":{"line":39,"column":1229}},"6":{"start":{"line":42,"column":6},"end":{"line":42,"column":1326}},"7":{"start":{"line":45,"column":6},"end":{"line":45,"column":24}},"8":{"start":{"line":46,"column":6},"end":{"line":46,"column":17}}},"branchMap":{"1":{"line":27,"type":"if","locations":[{"start":{"line":27,"column":51},"end":{"line":27,"column":51}},{"start":{"line":27,"column":51},"end":{"line":27,"column":51}}]},"2":{"line":28,"type":"if","locations":[{"start":{"line":28,"column":6},"end":{"line":28,"column":6}},{"start":{"line":28,"column":6},"end":{"line":28,"column":6}}]},"3":{"line":32,"type":"if","locations":[{"start":{"line":32,"column":6},"end":{"line":32,"column":6}},{"start":{"line":32,"column":6},"end":{"line":32,"column":6}}]},"4":{"line":38,"type":"if","locations":[{"start":{"line":38,"column":57},"end":{"line":38,"column":57}},{"start":{"line":38,"column":57},"end":{"line":38,"column":57}}]},"5":{"line":39,"type":"if","locations":[{"start":{"line":39,"column":6},"end":{"line":39,"column":6}},{"start":{"line":39,"column":6},"end":{"line":39,"column":6}}]},"6":{"line":42,"type":"if","locations":[{"start":{"line":42,"column":6},"end":{"line":42,"column":6}},{"start":{"line":42,"column":6},"end":{"line":42,"column":6}}]}}},"contracts/DSCEngine.sol":{"l":{"48":88,"49":7,"51":81,"55":24,"56":1,"58":23,"91":3,"92":0,"94":3,"97":3,"98":6,"99":0,"101":6,"102":6,"104":6,"105":6,"109":3,"110":0,"113":3,"128":15,"129":1,"131":14,"132":14,"145":23,"146":23,"149":23,"151":23,"152":23,"153":0,"167":0,"168":0,"182":6,"183":1,"185":5,"187":5,"196":17,"197":17,"199":17,"200":16,"201":16,"202":0,"211":3,"239":0,"240":0,"243":0,"244":0,"245":0,"247":0,"249":0,"251":0,"253":0,"255":0,"257":0,"258":0,"259":0,"261":0,"277":3,"278":2,"279":2,"280":0,"282":2,"293":5,"295":5,"297":5,"298":5,"299":0,"313":24,"314":24,"325":24,"326":24,"327":24,"338":22,"339":22,"340":2,"356":0,"357":0,"358":0,"369":27,"370":27,"371":54,"372":54,"373":54,"374":54,"375":54,"387":56,"388":56,"391":56,"395":0,"399":0,"403":0,"407":0,"411":0,"415":0,"419":2,"420":0,"422":2,"426":3,"427":0,"429":3,"433":4,"434":0,"436":4,"440":3,"441":0,"443":3,"447":1,"451":2},"path":"/Users/pranavlakkadi/HH-FCC/HH-Decentralised-Stable-Coin/contracts/DSCEngine.sol","s":{"1":88,"2":24,"3":3,"4":3,"5":3,"6":6,"7":6,"8":3,"9":15,"10":14,"11":14,"12":23,"13":23,"14":23,"15":0,"16":0,"17":6,"18":5,"19":5,"20":17,"21":16,"22":16,"23":3,"24":0,"25":0,"26":0,"27":0,"28":0,"29":0,"30":0,"31":0,"32":0,"33":0,"34":0,"35":2,"36":2,"37":2,"38":5,"39":5,"40":5,"41":24,"42":24,"43":24,"44":22,"45":22,"46":0,"47":0,"48":0,"49":27,"50":27,"51":54,"52":54,"53":56,"54":56,"55":56,"56":0,"57":0,"58":0,"59":0,"60":0,"61":0,"62":2,"63":2,"64":3,"65":3,"66":4,"67":4,"68":3,"69":3,"70":1,"71":2},"b":{"1":[7,81],"2":[1,23],"3":[0,3],"4":[0,6],"5":[0,0],"6":[0,3],"7":[16,2],"8":[15,1],"9":[1,14],"10":[24,1],"11":[23,1],"12":[23,0],"13":[0,23],"14":[6,1],"15":[6,0],"16":[1,5],"17":[17,1],"18":[17,0],"19":[0,16],"20":[3,1],"21":[0,0],"22":[0,0],"23":[0,0],"24":[0,0],"25":[0,0],"26":[0,0],"27":[0,2],"28":[0,5],"29":[2,20],"30":[0,2],"31":[0,3],"32":[0,0],"33":[0,4],"34":[0,3]},"f":{"1":88,"2":24,"3":3,"4":15,"5":23,"6":0,"7":6,"8":17,"9":3,"10":0,"11":3,"12":5,"13":24,"14":24,"15":22,"16":0,"17":27,"18":56,"19":0,"20":0,"21":0,"22":0,"23":0,"24":0,"25":2,"26":3,"27":4,"28":3,"29":1,"30":2},"fnMap":{"1":{"name":"moreThanZero","line":47,"loc":{"start":{"line":47,"column":4},"end":{"line":52,"column":4}}},"2":{"name":"isAllowedToken","line":54,"loc":{"start":{"line":54,"column":4},"end":{"line":59,"column":4}}},"3":{"name":"constructor","line":90,"loc":{"start":{"line":90,"column":4},"end":{"line":114,"column":4}}},"4":{"name":"depositCollateralAndMintDSC","line":127,"loc":{"start":{"line":126,"column":4},"end":{"line":133,"column":4}}},"5":{"name":"depositCollateral","line":143,"loc":{"start":{"line":140,"column":4},"end":{"line":155,"column":4}}},"6":{"name":"redeemCollateralForDSC","line":165,"loc":{"start":{"line":165,"column":4},"end":{"line":169,"column":4}}},"7":{"name":"redeemCollateral","line":179,"loc":{"start":{"line":178,"column":4},"end":{"line":188,"column":4}}},"8":{"name":"mintDSC","line":195,"loc":{"start":{"line":195,"column":4},"end":{"line":204,"column":4}}},"9":{"name":"burnDSC","line":210,"loc":{"start":{"line":210,"column":4},"end":{"line":216,"column":4}}},"10":{"name":"liquidate","line":237,"loc":{"start":{"line":236,"column":4},"end":{"line":262,"column":4}}},"11":{"name":"_burnDSC","line":272,"loc":{"start":{"line":272,"column":4},"end":{"line":283,"column":4}}},"12":{"name":"_redeemCollateral","line":288,"loc":{"start":{"line":288,"column":4},"end":{"line":301,"column":4}}},"13":{"name":"_getAccountInformation","line":309,"loc":{"start":{"line":309,"column":4},"end":{"line":315,"column":4}}},"14":{"name":"_HealthFactor","line":322,"loc":{"start":{"line":322,"column":4},"end":{"line":328,"column":4}}},"15":{"name":"_RevertIfHealthFactorIsBroken","line":335,"loc":{"start":{"line":335,"column":4},"end":{"line":343,"column":4}}},"16":{"name":"getTokenAmountinUSD","line":355,"loc":{"start":{"line":355,"column":4},"end":{"line":359,"column":4}}},"17":{"name":"_getAccountCollateralValue","line":366,"loc":{"start":{"line":366,"column":4},"end":{"line":378,"column":4}}},"18":{"name":"getUSDValue","line":386,"loc":{"start":{"line":386,"column":4},"end":{"line":392,"column":4}}},"19":{"name":"getAdditionFeedPrecision","line":394,"loc":{"start":{"line":394,"column":4},"end":{"line":396,"column":4}}},"20":{"name":"getPrecision","line":398,"loc":{"start":{"line":398,"column":4},"end":{"line":400,"column":4}}},"21":{"name":"getLiquidationThreshold","line":402,"loc":{"start":{"line":402,"column":4},"end":{"line":404,"column":4}}},"22":{"name":"getLiquidationPrecision","line":406,"loc":{"start":{"line":406,"column":4},"end":{"line":408,"column":4}}},"23":{"name":"getLiquidationBonus","line":410,"loc":{"start":{"line":410,"column":4},"end":{"line":412,"column":4}}},"24":{"name":"getMinHealthFactor","line":414,"loc":{"start":{"line":414,"column":4},"end":{"line":416,"column":4}}},"25":{"name":"getPriceFeedAddress","line":418,"loc":{"start":{"line":418,"column":4},"end":{"line":423,"column":4}}},"26":{"name":"getCollateralDepositedAmount","line":425,"loc":{"start":{"line":425,"column":4},"end":{"line":430,"column":4}}},"27":{"name":"getDSCMint","line":432,"loc":{"start":{"line":432,"column":4},"end":{"line":437,"column":4}}},"28":{"name":"getCollateralTokens","line":439,"loc":{"start":{"line":439,"column":4},"end":{"line":444,"column":4}}},"29":{"name":"getDSCContractAddress","line":446,"loc":{"start":{"line":446,"column":4},"end":{"line":448,"column":4}}},"30":{"name":"getHealthFactor","line":450,"loc":{"start":{"line":450,"column":4},"end":{"line":452,"column":4}}}},"statementMap":{"1":{"start":{"line":48,"column":8},"end":{"line":48,"column":1730}},"2":{"start":{"line":55,"column":8},"end":{"line":55,"column":1881}},"3":{"start":{"line":91,"column":8},"end":{"line":91,"column":3292}},"4":{"start":{"line":94,"column":8},"end":{"line":94,"column":46}},"5":{"start":{"line":97,"column":8},"end":{"line":97,"column":3567}},"6":{"start":{"line":98,"column":12},"end":{"line":98,"column":3612}},"7":{"start":{"line":102,"column":12},"end":{"line":102,"column":53}},"8":{"start":{"line":109,"column":8},"end":{"line":109,"column":3953}},"9":{"start":{"line":128,"column":8},"end":{"line":128,"column":4705}},"10":{"start":{"line":131,"column":8},"end":{"line":131,"column":66}},"11":{"start":{"line":132,"column":8},"end":{"line":132,"column":31}},"12":{"start":{"line":149,"column":8},"end":{"line":149,"column":87}},"13":{"start":{"line":151,"column":8},"end":{"line":151,"column":111}},"14":{"start":{"line":152,"column":8},"end":{"line":152,"column":5646}},"15":{"start":{"line":167,"column":8},"end":{"line":167,"column":31}},"16":{"start":{"line":168,"column":8},"end":{"line":168,"column":65}},"17":{"start":{"line":182,"column":8},"end":{"line":182,"column":6849}},"18":{"start":{"line":185,"column":8},"end":{"line":185,"column":90}},"19":{"start":{"line":187,"column":8},"end":{"line":187,"column":48}},"20":{"start":{"line":199,"column":8},"end":{"line":199,"column":48}},"21":{"start":{"line":200,"column":8},"end":{"line":200,"column":60}},"22":{"start":{"line":201,"column":8},"end":{"line":201,"column":7615}},"23":{"start":{"line":211,"column":8},"end":{"line":211,"column":47}},"24":{"start":{"line":239,"column":8},"end":{"line":239,"column":9540}},"25":{"start":{"line":243,"column":8},"end":{"line":243,"column":58}},"26":{"start":{"line":244,"column":8},"end":{"line":244,"column":9723}},"27":{"start":{"line":247,"column":8},"end":{"line":247,"column":89}},"28":{"start":{"line":249,"column":8},"end":{"line":249,"column":104}},"29":{"start":{"line":251,"column":8},"end":{"line":251,"column":86}},"30":{"start":{"line":253,"column":8},"end":{"line":253,"column":79}},"31":{"start":{"line":255,"column":8},"end":{"line":255,"column":46}},"32":{"start":{"line":257,"column":8},"end":{"line":257,"column":56}},"33":{"start":{"line":258,"column":8},"end":{"line":258,"column":10326}},"34":{"start":{"line":261,"column":8},"end":{"line":261,"column":48}},"35":{"start":{"line":278,"column":8},"end":{"line":278,"column":82}},"36":{"start":{"line":279,"column":8},"end":{"line":279,"column":11045}},"37":{"start":{"line":282,"column":8},"end":{"line":282,"column":34}},"38":{"start":{"line":295,"column":8},"end":{"line":295,"column":83}},"39":{"start":{"line":297,"column":8},"end":{"line":297,"column":84}},"40":{"start":{"line":298,"column":8},"end":{"line":298,"column":11728}},"41":{"start":{"line":325,"column":8},"end":{"line":325,"column":93}},"42":{"start":{"line":326,"column":8},"end":{"line":326,"column":105}},"43":{"start":{"line":327,"column":8},"end":{"line":327,"column":75}},"44":{"start":{"line":338,"column":8},"end":{"line":338,"column":54}},"45":{"start":{"line":339,"column":8},"end":{"line":339,"column":13412}},"46":{"start":{"line":356,"column":8},"end":{"line":356,"column":84}},"47":{"start":{"line":357,"column":8},"end":{"line":357,"column":56}},"48":{"start":{"line":358,"column":8},"end":{"line":358,"column":92}},"49":{"start":{"line":369,"column":8},"end":{"line":369,"column":50}},"50":{"start":{"line":370,"column":8},"end":{"line":370,"column":14772}},"51":{"start":{"line":371,"column":12},"end":{"line":371,"column":49}},"52":{"start":{"line":372,"column":12},"end":{"line":372,"column":63}},"53":{"start":{"line":387,"column":8},"end":{"line":387,"column":84}},"54":{"start":{"line":388,"column":8},"end":{"line":388,"column":53}},"55":{"start":{"line":391,"column":8},"end":{"line":391,"column":81}},"56":{"start":{"line":395,"column":8},"end":{"line":395,"column":40}},"57":{"start":{"line":399,"column":8},"end":{"line":399,"column":24}},"58":{"start":{"line":403,"column":8},"end":{"line":403,"column":35}},"59":{"start":{"line":407,"column":8},"end":{"line":407,"column":36}},"60":{"start":{"line":411,"column":8},"end":{"line":411,"column":32}},"61":{"start":{"line":415,"column":8},"end":{"line":415,"column":32}},"62":{"start":{"line":419,"column":8},"end":{"line":419,"column":16527}},"63":{"start":{"line":422,"column":8},"end":{"line":422,"column":34}},"64":{"start":{"line":426,"column":8},"end":{"line":426,"column":16767}},"65":{"start":{"line":429,"column":8},"end":{"line":429,"column":49}},"66":{"start":{"line":433,"column":8},"end":{"line":433,"column":17012}},"67":{"start":{"line":436,"column":8},"end":{"line":436,"column":32}},"68":{"start":{"line":440,"column":8},"end":{"line":440,"column":17227}},"69":{"start":{"line":443,"column":8},"end":{"line":443,"column":40}},"70":{"start":{"line":447,"column":8},"end":{"line":447,"column":20}},"71":{"start":{"line":451,"column":8},"end":{"line":451,"column":34}}},"branchMap":{"1":{"line":48,"type":"if","locations":[{"start":{"line":48,"column":8},"end":{"line":48,"column":8}},{"start":{"line":48,"column":8},"end":{"line":48,"column":8}}]},"2":{"line":55,"type":"if","locations":[{"start":{"line":55,"column":8},"end":{"line":55,"column":8}},{"start":{"line":55,"column":8},"end":{"line":55,"column":8}}]},"3":{"line":91,"type":"if","locations":[{"start":{"line":91,"column":8},"end":{"line":91,"column":8}},{"start":{"line":91,"column":8},"end":{"line":91,"column":8}}]},"4":{"line":98,"type":"if","locations":[{"start":{"line":98,"column":12},"end":{"line":98,"column":12}},{"start":{"line":98,"column":12},"end":{"line":98,"column":12}}]},"5":{"line":98,"type":"cond-expr","locations":[{"start":{"line":98,"column":16},"end":{"line":98,"column":46}},{"start":{"line":98,"column":51},"end":{"line":98,"column":85}}]},"6":{"line":109,"type":"if","locations":[{"start":{"line":109,"column":8},"end":{"line":109,"column":8}},{"start":{"line":109,"column":8},"end":{"line":109,"column":8}}]},"7":{"line":127,"type":"if","locations":[{"start":{"line":127,"column":13},"end":{"line":127,"column":13}},{"start":{"line":127,"column":13},"end":{"line":127,"column":13}}]},"8":{"line":127,"type":"if","locations":[{"start":{"line":127,"column":44},"end":{"line":127,"column":44}},{"start":{"line":127,"column":44},"end":{"line":127,"column":44}}]},"9":{"line":128,"type":"if","locations":[{"start":{"line":128,"column":8},"end":{"line":128,"column":8}},{"start":{"line":128,"column":8},"end":{"line":128,"column":8}}]},"10":{"line":141,"type":"if","locations":[{"start":{"line":141,"column":4},"end":{"line":141,"column":4}},{"start":{"line":141,"column":4},"end":{"line":141,"column":4}}]},"11":{"line":142,"type":"if","locations":[{"start":{"line":142,"column":4},"end":{"line":142,"column":4}},{"start":{"line":142,"column":4},"end":{"line":142,"column":4}}]},"12":{"line":143,"type":"if","locations":[{"start":{"line":143,"column":4},"end":{"line":143,"column":4}},{"start":{"line":143,"column":4},"end":{"line":143,"column":4}}]},"13":{"line":152,"type":"if","locations":[{"start":{"line":152,"column":8},"end":{"line":152,"column":8}},{"start":{"line":152,"column":8},"end":{"line":152,"column":8}}]},"14":{"line":179,"type":"if","locations":[{"start":{"line":179,"column":11},"end":{"line":179,"column":11}},{"start":{"line":179,"column":11},"end":{"line":179,"column":11}}]},"15":{"line":179,"type":"if","locations":[{"start":{"line":179,"column":42},"end":{"line":179,"column":42}},{"start":{"line":179,"column":42},"end":{"line":179,"column":42}}]},"16":{"line":182,"type":"if","locations":[{"start":{"line":182,"column":8},"end":{"line":182,"column":8}},{"start":{"line":182,"column":8},"end":{"line":182,"column":8}}]},"17":{"line":195,"type":"if","locations":[{"start":{"line":195,"column":46},"end":{"line":195,"column":46}},{"start":{"line":195,"column":46},"end":{"line":195,"column":46}}]},"18":{"line":195,"type":"if","locations":[{"start":{"line":195,"column":76},"end":{"line":195,"column":76}},{"start":{"line":195,"column":76},"end":{"line":195,"column":76}}]},"19":{"line":201,"type":"if","locations":[{"start":{"line":201,"column":8},"end":{"line":201,"column":8}},{"start":{"line":201,"column":8},"end":{"line":201,"column":8}}]},"20":{"line":210,"type":"if","locations":[{"start":{"line":210,"column":44},"end":{"line":210,"column":44}},{"start":{"line":210,"column":44},"end":{"line":210,"column":44}}]},"21":{"line":237,"type":"if","locations":[{"start":{"line":237,"column":13},"end":{"line":237,"column":13}},{"start":{"line":237,"column":13},"end":{"line":237,"column":13}}]},"22":{"line":237,"type":"if","locations":[{"start":{"line":237,"column":39},"end":{"line":237,"column":39}},{"start":{"line":237,"column":39},"end":{"line":237,"column":39}}]},"23":{"line":239,"type":"if","locations":[{"start":{"line":239,"column":8},"end":{"line":239,"column":8}},{"start":{"line":239,"column":8},"end":{"line":239,"column":8}}]},"24":{"line":239,"type":"cond-expr","locations":[{"start":{"line":239,"column":12},"end":{"line":239,"column":35}},{"start":{"line":239,"column":40},"end":{"line":239,"column":57}}]},"25":{"line":244,"type":"if","locations":[{"start":{"line":244,"column":8},"end":{"line":244,"column":8}},{"start":{"line":244,"column":8},"end":{"line":244,"column":8}}]},"26":{"line":258,"type":"if","locations":[{"start":{"line":258,"column":8},"end":{"line":258,"column":8}},{"start":{"line":258,"column":8},"end":{"line":258,"column":8}}]},"27":{"line":279,"type":"if","locations":[{"start":{"line":279,"column":8},"end":{"line":279,"column":8}},{"start":{"line":279,"column":8},"end":{"line":279,"column":8}}]},"28":{"line":298,"type":"if","locations":[{"start":{"line":298,"column":8},"end":{"line":298,"column":8}},{"start":{"line":298,"column":8},"end":{"line":298,"column":8}}]},"29":{"line":339,"type":"if","locations":[{"start":{"line":339,"column":8},"end":{"line":339,"column":8}},{"start":{"line":339,"column":8},"end":{"line":339,"column":8}}]},"30":{"line":419,"type":"if","locations":[{"start":{"line":419,"column":8},"end":{"line":419,"column":8}},{"start":{"line":419,"column":8},"end":{"line":419,"column":8}}]},"31":{"line":426,"type":"if","locations":[{"start":{"line":426,"column":8},"end":{"line":426,"column":8}},{"start":{"line":426,"column":8},"end":{"line":426,"column":8}}]},"32":{"line":426,"type":"cond-expr","locations":[{"start":{"line":426,"column":12},"end":{"line":426,"column":29}},{"start":{"line":426,"column":34},"end":{"line":426,"column":52}}]},"33":{"line":433,"type":"if","locations":[{"start":{"line":433,"column":8},"end":{"line":433,"column":8}},{"start":{"line":433,"column":8},"end":{"line":433,"column":8}}]},"34":{"line":440,"type":"if","locations":[{"start":{"line":440,"column":8},"end":{"line":440,"column":8}},{"start":{"line":440,"column":8},"end":{"line":440,"column":8}}]}}},"contracts/test/BTCToken.sol":{"l":{"8":3},"path":"/Users/pranavlakkadi/HH-FCC/HH-Decentralised-Stable-Coin/contracts/test/BTCToken.sol","s":{"1":3},"b":{},"f":{"1":3},"fnMap":{"1":{"name":"constructor","line":7,"loc":{"start":{"line":7,"column":4},"end":{"line":9,"column":4}}}},"statementMap":{"1":{"start":{"line":8,"column":8},"end":{"line":8,"column":39}}},"branchMap":{}},"contracts/test/ETHToken.sol":{"l":{"10":3},"path":"/Users/pranavlakkadi/HH-FCC/HH-Decentralised-Stable-Coin/contracts/test/ETHToken.sol","s":{"1":3},"b":{},"f":{"1":3},"fnMap":{"1":{"name":"constructor","line":9,"loc":{"start":{"line":9,"column":4},"end":{"line":11,"column":4}}}},"statementMap":{"1":{"start":{"line":10,"column":8},"end":{"line":10,"column":39}}},"branchMap":{}},"contracts/test/MockV3Aggregator.sol":{"l":{},"path":"/Users/pranavlakkadi/HH-FCC/HH-Decentralised-Stable-Coin/contracts/test/MockV3Aggregator.sol","s":{},"b":{},"f":{},"fnMap":{},"statementMap":{},"branchMap":{}},"contracts/test/MockV3Aggregator2.sol":{"l":{},"path":"/Users/pranavlakkadi/HH-FCC/HH-Decentralised-Stable-Coin/contracts/test/MockV3Aggregator2.sol","s":{},"b":{},"f":{"1":3},"fnMap":{"1":{"name":"constructor","line":7,"loc":{"start":{"line":7,"column":4},"end":{"line":7,"column":85}}}},"statementMap":{},"branchMap":{}}}